<?xml version="1.0" encoding="UTF-8"?>
<!-- Generated by org.testng.reporters.JUnitReportReporter -->
<testsuite hostname="DESKTOP-MV3E39R" failures="0" tests="4" name="com.expedia.flightbooking.TestNG_Grouping" time="0.013" errors="0" timestamp="2024-10-11T14:33:32 EEST" skipped="0">
  <testcase classname="com.expedia.flightbooking.TestNG_Grouping" name="testNinja" time="0.003"/>
  <testcase classname="com.expedia.flightbooking.TestNG_Grouping" name="testBMWX6" time="0.001"/>
  <testcase classname="com.expedia.flightbooking.TestNG_Grouping" name="testAudiA6" time="0.009"/>
  <testcase classname="com.expedia.flightbooking.TestNG_Grouping" name="testHondaCBR" time="0.000"/>
</testsuite> <!-- com.expedia.flightbooking.TestNG_Grouping -->
